<?xml version="1.0" encoding="UTF-8"?>
<!-- Generated by org.testng.reporters.JUnitXMLReporter -->
<testsuite ignored="0" hostname="DELL-PC" failures="0" tests="4" name="Default test" time="6.28" errors="0" timestamp="2023-09-11T14:48:28 EDT">
  <testcase classname="api.test.UserTests" name="testPostUser" time="3.652"/>
  <testcase classname="api.test.UserTests" name="testGetUserByName" time="0.293"/>
  <testcase classname="api.test.UserTests" name="testUpdateUserByName" time="0.533"/>
  <testcase classname="api.test.UserTests" name="testDeleteUserByName" time="0.272"/>
</testsuite> <!-- Default test -->
