<?xml version="1.0" encoding="UTF-8"?>
<testng-results ignored="0" total="4" passed="4" failed="0" skipped="0">
  <reporter-output>
  </reporter-output>
  <suite started-at="2023-09-14T15:36:20 EDT" name="PetSuite" finished-at="2023-09-14T15:36:33 EDT" duration-ms="12880">
    <groups>
    </groups>
    <test started-at="2023-09-14T15:36:20 EDT" name="PetTest" finished-at="2023-09-14T15:36:33 EDT" duration-ms="12880">
      <class name="api.test.UserTests2">
        <test-method is-config="true" signature="setup()[pri:0, instance:api.test.UserTests2@70e9c95d]" started-at="2023-09-14T15:36:22 EDT" name="setup" finished-at="2023-09-14T15:36:26 EDT" duration-ms="3494" status="PASS">
          <reporter-output>
          </reporter-output>
        </test-method> <!-- setup -->
        <test-method signature="testPostUser()[pri:1, instance:api.test.UserTests2@70e9c95d]" started-at="2023-09-14T15:36:26 EDT" name="testPostUser" finished-at="2023-09-14T15:36:31 EDT" duration-ms="5348" status="PASS">
          <reporter-output>
          </reporter-output>
        </test-method> <!-- testPostUser -->
        <test-method signature="testGetUserByName()[pri:2, instance:api.test.UserTests2@70e9c95d]" started-at="2023-09-14T15:36:31 EDT" name="testGetUserByName" finished-at="2023-09-14T15:36:32 EDT" duration-ms="362" status="PASS">
          <reporter-output>
          </reporter-output>
        </test-method> <!-- testGetUserByName -->
        <test-method signature="testUpdateUserByName()[pri:3, instance:api.test.UserTests2@70e9c95d]" started-at="2023-09-14T15:36:32 EDT" name="testUpdateUserByName" finished-at="2023-09-14T15:36:32 EDT" duration-ms="585" status="PASS">
          <reporter-output>
          </reporter-output>
        </test-method> <!-- testUpdateUserByName -->
        <test-method signature="testDeleteUserByName()[pri:4, instance:api.test.UserTests2@70e9c95d]" started-at="2023-09-14T15:36:32 EDT" name="testDeleteUserByName" finished-at="2023-09-14T15:36:33 EDT" duration-ms="273" status="PASS">
          <reporter-output>
          </reporter-output>
        </test-method> <!-- testDeleteUserByName -->
      </class> <!-- api.test.UserTests2 -->
    </test> <!-- PetTest -->
  </suite> <!-- PetSuite -->
</testng-results>
