<?xml version="1.0" encoding="UTF-8"?>
<testng-results ignored="0" total="4" passed="4" failed="0" skipped="0">
  <reporter-output>
  </reporter-output>
  <suite started-at="2023-09-12T15:17:56 EDT" name="PetSuite" finished-at="2023-09-12T15:18:04 EDT" duration-ms="7835">
    <groups>
    </groups>
    <test started-at="2023-09-12T15:17:56 EDT" name="PetTest" finished-at="2023-09-12T15:18:04 EDT" duration-ms="7835">
      <class name="api.test.UserTests2">
        <test-method is-config="true" signature="setup()[pri:0, instance:api.test.UserTests2@61001b64]" started-at="2023-09-12T15:17:57 EDT" name="setup" finished-at="2023-09-12T15:17:58 EDT" duration-ms="1799" status="PASS">
          <reporter-output>
          </reporter-output>
        </test-method> <!-- setup -->
        <test-method signature="testPostUser()[pri:1, instance:api.test.UserTests2@61001b64]" started-at="2023-09-12T15:17:58 EDT" name="testPostUser" finished-at="2023-09-12T15:18:03 EDT" duration-ms="4294" status="PASS">
          <reporter-output>
          </reporter-output>
        </test-method> <!-- testPostUser -->
        <test-method signature="testGetUserByName()[pri:2, instance:api.test.UserTests2@61001b64]" started-at="2023-09-12T15:18:03 EDT" name="testGetUserByName" finished-at="2023-09-12T15:18:03 EDT" duration-ms="300" status="PASS">
          <reporter-output>
          </reporter-output>
        </test-method> <!-- testGetUserByName -->
        <test-method signature="testUpdateUserByName()[pri:3, instance:api.test.UserTests2@61001b64]" started-at="2023-09-12T15:18:03 EDT" name="testUpdateUserByName" finished-at="2023-09-12T15:18:04 EDT" duration-ms="530" status="PASS">
          <reporter-output>
          </reporter-output>
        </test-method> <!-- testUpdateUserByName -->
        <test-method signature="testDeleteUserByName()[pri:4, instance:api.test.UserTests2@61001b64]" started-at="2023-09-12T15:18:04 EDT" name="testDeleteUserByName" finished-at="2023-09-12T15:18:04 EDT" duration-ms="269" status="PASS">
          <reporter-output>
          </reporter-output>
        </test-method> <!-- testDeleteUserByName -->
      </class> <!-- api.test.UserTests2 -->
    </test> <!-- PetTest -->
  </suite> <!-- PetSuite -->
</testng-results>
