<?xml version="1.0" encoding="UTF-8"?>
<!-- Generated by org.testng.reporters.JUnitXMLReporter -->
<testsuite ignored="0" hostname="DELL-PC" failures="0" tests="4" name="PetTest" time="12.88" errors="0" timestamp="2023-09-14T15:36:34 EDT">
  <testcase classname="api.test.UserTests2" name="testPostUser" time="5.348"/>
  <testcase classname="api.test.UserTests2" name="testGetUserByName" time="0.362"/>
  <testcase classname="api.test.UserTests2" name="testUpdateUserByName" time="0.585"/>
  <testcase classname="api.test.UserTests2" name="testDeleteUserByName" time="0.273"/>
</testsuite> <!-- PetTest -->
