<?xml version="1.0" encoding="UTF-8"?>
<!-- Generated by org.testng.reporters.JUnitXMLReporter -->
<testsuite ignored="0" hostname="DELL-PC" failures="0" tests="4" name="PetTest" time="7.835" errors="0" timestamp="2023-09-12T15:18:09 EDT">
  <testcase classname="api.test.UserTests2" name="testPostUser" time="4.294"/>
  <testcase classname="api.test.UserTests2" name="testGetUserByName" time="0.3"/>
  <testcase classname="api.test.UserTests2" name="testUpdateUserByName" time="0.53"/>
  <testcase classname="api.test.UserTests2" name="testDeleteUserByName" time="0.269"/>
</testsuite> <!-- PetTest -->
